[debug] > Exec(early(addDefaultCommands), None, None)
[debug] > Exec(addDefaultCommands, None, None)
[debug] > Exec(early(initialize), None, None)
[debug] > Exec(initialize, None, None)
[debug] > Exec(boot, None, None)
[debug] > Exec(writeSbtVersion, None, None)
[debug] > Exec(reload, None, None)
[debug] > Exec(sbtStashOnFailure, None, None)
[debug] > Exec(onFailure loadFailed, None, None)
[debug] > Exec(loadp, None, None)
[info] welcome to sbt 1.7.2 (BellSoft Java 1.8.0_333)
[debug] Load.defaultLoad until apply took 200.258791ms
[debug]                 Load.loadUnit: plugins took 91.445667ms
[debug]                 Load.loadUnit: defsScala took 0.337167ms
[debug] [Loading] Scanning directory /Users/apple/Brian/Final Term/software-products-java-api/project/project
[debug] [Loading] Found non-root projects 
[debug] [Loading] Done in /Users/apple/Brian/Final Term/software-products-java-api/project/project, returning: ()
[debug] deducing auto plugins based on known facts Set(Atom(sbt.plugins.CorePlugin)) and clauses Clauses(Clause(Atom(sbt.plugins.JvmPlugin),Set(Atom(sbt.plugins.IvyPlugin)))
[debug] Clause(Atom(sbt.ScriptedPlugin),Set(Atom(sbt.plugins.JvmPlugin)))
[debug] Clause(Atom(sbt.plugins.SbtPlugin),Set(Atom(sbt.ScriptedPlugin)))
[debug] Clause(Atom(sbt.plugins.SemanticdbPlugin),Set(Atom(sbt.plugins.JvmPlugin)))
[debug] Clause(Atom(sbt.plugins.JUnitXmlReportPlugin),Set(Atom(sbt.plugins.JvmPlugin)))
[debug] Clause(Atom(sbt.plugins.MiniDependencyTreePlugin),Set(Atom(sbt.plugins.JvmPlugin)))
[debug] Clause(Atom(sbt.plugins.CorePlugin),Set(Atom(sbt.plugins.IvyPlugin)))
[debug] Clause(Atom(sbt.plugins.IvyPlugin),Set(Atom(sbt.plugins.JvmPlugin)))
[debug] Clause(Atom(sbt.plugins.JvmPlugin),Set(Atom(sbt.plugins.SemanticdbPlugin)))
[debug] Clause(Atom(sbt.plugins.JvmPlugin),Set(Atom(sbt.plugins.JUnitXmlReportPlugin)))
[debug] Clause(Atom(sbt.plugins.CorePlugin),Set(Atom(sbt.plugins.Giter8TemplatePlugin)))
[debug] Clause(Atom(sbt.plugins.JvmPlugin),Set(Atom(sbt.plugins.MiniDependencyTreePlugin))))
[debug]   :: deduced result: Matched(sbt.plugins.CorePlugin,sbt.plugins.Giter8TemplatePlugin,sbt.plugins.IvyPlugin,sbt.plugins.JvmPlugin,sbt.plugins.MiniDependencyTreePlugin,sbt.plugins.JUnitXmlReportPlugin,sbt.plugins.SemanticdbPlugin)
[debug] Plugins.deducer#function took 18.938 ms
[debug]                     Load.resolveProject(software-products-java-api-build-build) took 55.509667ms
[debug]                   Load.loadTransitive: finalizeProject(Project(id software-products-java-api-build-build, base: /Users/apple/Brian/Final Term/software-products-java-api/project/project, plugins: List(<none>))) took 112.7695ms
[debug] [Loading] Done in /Users/apple/Brian/Final Term/software-products-java-api/project/project, returning: (software-products-java-api-build-build)
[debug]                 Load.loadUnit: loadedProjectsRaw took 142.144ms
[debug]                 Load.loadUnit: cleanEvalClasses took 0.251375ms
[debug]               Load.loadUnit(file:/Users/apple/Brian/Final%20Term/software-products-java-api/project/project/, ...) took 240.191333ms
[debug]             Load.apply: load took 1061.39825ms
[debug]             Load.apply: resolveProjects took 5.32425ms
[debug]             Load.apply: finalTransforms took 47.3045ms
[debug]             Load.apply: config.delegates took 6.323792ms
[debug]             Load.apply: Def.make(settings)... took 341.894416ms
[debug]             Load.apply: structureIndex took 94.430959ms
[debug]             Load.apply: mkStreams took 1.769584ms
[info] loading project definition from /Users/apple/Brian/Final Term/software-products-java-api/project/project
[debug] Running task... Cancel: Signal, check cycles: false, forcegc: true
[debug]           Load.loadUnit: plugins took 2286.624542ms
[debug]           Load.loadUnit: defsScala took 0.003125ms
[debug] [Loading] Scanning directory /Users/apple/Brian/Final Term/software-products-java-api/project
[debug]             Load.loadUnit: mkEval took 7.693333ms
[debug] [Loading] Found non-root projects 
[debug] [Loading] Done in /Users/apple/Brian/Final Term/software-products-java-api/project, returning: ()
[debug] deducing auto plugins based on known facts Set(Atom(sbt.plugins.CorePlugin)) and clauses Clauses(Clause(Atom(sbt.plugins.JvmPlugin),Set(Atom(sbt.plugins.IvyPlugin)))
[debug] Clause(Atom(sbt.ScriptedPlugin),Set(Atom(sbt.plugins.JvmPlugin)))
[debug] Clause(Atom(sbt.plugins.SbtPlugin),Set(Atom(sbt.ScriptedPlugin)))
[debug] Clause(Atom(sbt.plugins.SemanticdbPlugin),Set(Atom(sbt.plugins.JvmPlugin)))
[debug] Clause(Atom(sbt.plugins.JUnitXmlReportPlugin),Set(Atom(sbt.plugins.JvmPlugin)))
[debug] Clause(Atom(sbt.plugins.MiniDependencyTreePlugin),Set(Atom(sbt.plugins.JvmPlugin)))
[debug] Clause(Atom(sbt.plugins.CorePlugin),Set(Atom(sbt.plugins.IvyPlugin)))
[debug] Clause(Atom(sbt.plugins.IvyPlugin),Set(Atom(sbt.plugins.JvmPlugin)))
[debug] Clause(Atom(sbt.plugins.JvmPlugin),Set(Atom(sbt.plugins.SemanticdbPlugin)))
[debug] Clause(Atom(sbt.plugins.JvmPlugin),Set(Atom(sbt.plugins.JUnitXmlReportPlugin)))
[debug] Clause(Atom(sbt.plugins.CorePlugin),Set(Atom(sbt.plugins.Giter8TemplatePlugin)))
[debug] Clause(Atom(sbt.plugins.JvmPlugin),Set(Atom(sbt.plugins.MiniDependencyTreePlugin))))
[debug]   :: deduced result: Matched(sbt.plugins.CorePlugin,sbt.plugins.Giter8TemplatePlugin,sbt.plugins.IvyPlugin,sbt.plugins.JvmPlugin,sbt.plugins.MiniDependencyTreePlugin,sbt.plugins.JUnitXmlReportPlugin,sbt.plugins.SemanticdbPlugin)
[debug] Plugins.deducer#function took 6.198541 ms
[info] loading settings for project software-products-java-api-build from plugins.sbt ...
[debug]               Load.resolveProject(software-products-java-api-build) took 6.460166ms
[debug]             Load.loadTransitive: finalizeProject(Project(id software-products-java-api-build, base: /Users/apple/Brian/Final Term/software-products-java-api/project, plugins: List(<none>))) took 13.715625ms
[debug] [Loading] Done in /Users/apple/Brian/Final Term/software-products-java-api/project, returning: (software-products-java-api-build)
[debug]           Load.loadUnit: loadedProjectsRaw took 4908.815625ms
[debug]           Load.loadUnit: cleanEvalClasses took 19.0285ms
[debug]         Load.loadUnit(file:/Users/apple/Brian/Final%20Term/software-products-java-api/project/, ...) took 7215.912292ms
[debug]       Load.apply: load took 7220.7345ms
[debug]       Load.apply: resolveProjects took 0.249708ms
[debug]       Load.apply: finalTransforms took 28.875958ms
[debug]       Load.apply: config.delegates took 0.728542ms
[debug]       Load.apply: Def.make(settings)... took 166.072167ms
[debug]       Load.apply: structureIndex took 54.316916ms
[debug]       Load.apply: mkStreams took 0.009916ms
[info] loading project definition from /Users/apple/Brian/Final Term/software-products-java-api/project
[debug] Running task... Cancel: Signal, check cycles: false, forcegc: true
[debug]     Load.loadUnit: plugins took 9468.142375ms
[debug]     Load.loadUnit: defsScala took 0.003916ms
[debug] [Loading] Scanning directory /Users/apple/Brian/Final Term/software-products-java-api
[debug]       Load.loadUnit: mkEval took 0.726917ms
[debug] [Loading] Found root project root w/ remaining 
[debug] deducing auto plugins based on known facts Set(Atom(play.sbt.PlayJava), Atom(play.ebean.sbt.PlayEbean), Atom(sbt.plugins.CorePlugin)) and clauses Clauses(Clause(Atom(sbt.plugins.JvmPlugin),Set(Atom(sbt.plugins.IvyPlugin)))
[debug] Clause(Atom(sbt.ScriptedPlugin),Set(Atom(sbt.plugins.JvmPlugin)))
[debug] Clause(Atom(sbt.plugins.SbtPlugin),Set(Atom(sbt.ScriptedPlugin)))
[debug] Clause(Atom(sbt.plugins.SemanticdbPlugin),Set(Atom(sbt.plugins.JvmPlugin)))
[debug] Clause(Atom(sbt.plugins.JUnitXmlReportPlugin),Set(Atom(sbt.plugins.JvmPlugin)))
[debug] Clause(Atom(sbt.plugins.MiniDependencyTreePlugin),Set(Atom(sbt.plugins.JvmPlugin)))
[debug] Clause(Atom(play.sbt.Play),Set(Atom(play.sbt.routes.RoutesCompiler)))
[debug] Clause(Atom(play.sbt.Play),Set(Atom(com.typesafe.sbt.jse.SbtJsTask)))
[debug] Clause(Atom(play.sbt.Play),Set(Atom(com.typesafe.sbt.packager.archetypes.JavaServerAppPackaging)))
[debug] Clause(Atom(play.sbt.Play),Set(Atom(play.twirl.sbt.SbtTwirl)))
[debug] Clause(Atom(play.sbt.PlayAkkaHttp2Support),Set(Atom(play.sbt.PlayAkkaHttpServer)))
[debug] Clause(Atom(play.sbt.PlayAkkaHttp2Support),Set(Atom(com.lightbend.sbt.javaagent.JavaAgent)))
[debug] Clause(Atom(play.sbt.PlayAkkaHttpServer),Set(Atom(play.sbt.PlayService)))
[debug] Clause(Atom(play.sbt.PlayFilters),Set(Atom(play.sbt.PlayWeb)))
[debug] Clause(Atom(play.sbt.PlayJava),Set(Atom(play.sbt.PlayWeb)))
[debug] Clause(Atom(play.sbt.PlayLayoutPlugin),Set(Atom(play.sbt.PlayWeb)))
[debug] Clause(Atom(play.sbt.PlayLogback),Set(Atom(play.sbt.PlayService)))
[debug] Clause(Atom(play.sbt.PlayMinimalJava),Set(Atom(play.sbt.PlayWeb)))
[debug] Clause(Atom(play.sbt.PlayNettyServer),Set(Atom(play.sbt.PlayService)))
[debug] Clause(Atom(play.sbt.PlayScala),Set(Atom(play.sbt.PlayWeb)))
[debug] Clause(Atom(play.sbt.PlayService),Set(Atom(com.typesafe.sbt.packager.archetypes.JavaServerAppPackaging)))
[debug] Clause(Atom(play.sbt.PlayWeb),Set(Atom(play.sbt.routes.RoutesCompiler)))
[debug] Clause(Atom(play.sbt.PlayWeb),Set(Atom(com.typesafe.sbt.jse.SbtJsTask)))
[debug] Clause(Atom(play.sbt.PlayWeb),Set(Atom(play.sbt.PlayService)))
[debug] Clause(Atom(play.sbt.PlayWeb),Set(Atom(play.twirl.sbt.SbtTwirl)))
[debug] Clause(Atom(play.sbt.routes.RoutesCompiler),Set(Atom(sbt.plugins.JvmPlugin)))
[debug] Clause(Atom(play.sbt.test.MediatorWorkaroundPlugin),Set(Atom(sbt.plugins.JvmPlugin)))
[debug] Clause(Atom(play.ebean.sbt.PlayEbean),Set(Atom(sbt.plugins.JvmPlugin)))
[debug] Clause(Atom(play.twirl.sbt.SbtTwirl),Set(Atom(sbt.plugins.JvmPlugin)))
[debug] Clause(Atom(com.typesafe.sbt.SbtNativePackager),Set(Atom(sbt.plugins.JvmPlugin)))
[debug] Clause(Atom(com.typesafe.sbt.packager.archetypes.JavaAppPackaging),Set(Atom(com.typesafe.sbt.packager.windows.WindowsPlugin)))
[debug] Clause(Atom(com.typesafe.sbt.packager.archetypes.JavaAppPackaging),Set(Atom(com.typesafe.sbt.packager.docker.DockerPlugin)))
[debug] Clause(Atom(com.typesafe.sbt.packager.archetypes.JavaAppPackaging),Set(Atom(com.typesafe.sbt.packager.debian.DebianPlugin)))
[debug] Clause(Atom(com.typesafe.sbt.packager.archetypes.JavaAppPackaging),Set(Atom(com.typesafe.sbt.packager.rpm.RpmPlugin)))
[debug] Clause(Atom(com.typesafe.sbt.packager.archetypes.JavaServerAppPackaging),Set(Atom(com.typesafe.sbt.packager.archetypes.JavaAppPackaging)))
[debug] Clause(Atom(com.typesafe.sbt.packager.archetypes.jar.ClasspathJarPlugin),Set(Atom(com.typesafe.sbt.packager.archetypes.JavaAppPackaging)))
[debug] Clause(Atom(com.typesafe.sbt.packager.archetypes.jar.LauncherJarPlugin),Set(Atom(com.typesafe.sbt.packager.archetypes.JavaAppPackaging)))
[debug] Clause(Atom(com.typesafe.sbt.packager.archetypes.jlink.JlinkPlugin),Set(Atom(com.typesafe.sbt.packager.archetypes.JavaAppPackaging)))
[debug] Clause(Atom(com.typesafe.sbt.packager.archetypes.scripts.AshScriptPlugin),Set(Atom(com.typesafe.sbt.packager.archetypes.JavaAppPackaging)))
[debug] Clause(Atom(com.typesafe.sbt.packager.archetypes.scripts.AshScriptPlugin),Set(Atom(com.typesafe.sbt.packager.archetypes.scripts.BashStartScriptPlugin)))
[debug] Clause(Atom(com.typesafe.sbt.packager.archetypes.scripts.BashStartScriptPlugin),Set(Atom(com.typesafe.sbt.packager.archetypes.JavaAppPackaging)))
[debug] Clause(Atom(com.typesafe.sbt.packager.archetypes.scripts.BatStartScriptPlugin),Set(Atom(com.typesafe.sbt.packager.archetypes.JavaAppPackaging)))
[debug] Clause(Atom(com.typesafe.sbt.packager.archetypes.systemloader.SystemVPlugin),Set(Atom(com.typesafe.sbt.packager.archetypes.systemloader.SystemloaderPlugin)))
[debug] Clause(Atom(com.typesafe.sbt.packager.archetypes.systemloader.SystemdPlugin),Set(Atom(com.typesafe.sbt.packager.archetypes.systemloader.SystemloaderPlugin)))
[debug] Clause(Atom(com.typesafe.sbt.packager.archetypes.systemloader.SystemloaderPlugin),Set(Atom(com.typesafe.sbt.packager.debian.DebianPlugin)))
[debug] Clause(Atom(com.typesafe.sbt.packager.archetypes.systemloader.SystemloaderPlugin),Set(Atom(com.typesafe.sbt.packager.rpm.RpmPlugin)))
[debug] Clause(Atom(com.typesafe.sbt.packager.archetypes.systemloader.UpstartPlugin),Set(Atom(com.typesafe.sbt.packager.archetypes.systemloader.SystemloaderPlugin)))
[debug] Clause(Atom(com.typesafe.sbt.packager.debian.DebianDeployPlugin),Set(Atom(com.typesafe.sbt.packager.debian.DebianPlugin)))
[debug] Clause(Atom(com.typesafe.sbt.packager.debian.DebianPlugin),Set(Atom(com.typesafe.sbt.packager.linux.LinuxPlugin)))
[debug] Clause(Atom(com.typesafe.sbt.packager.debian.JDebPackaging),Set(Atom(com.typesafe.sbt.packager.debian.DebianPlugin)))
[debug] Clause(Atom(com.typesafe.sbt.packager.docker.DockerPlugin),Set(Atom(com.typesafe.sbt.packager.universal.UniversalPlugin)))
[debug] Clause(Atom(com.typesafe.sbt.packager.docker.DockerSpotifyClientPlugin),Set(Atom(com.typesafe.sbt.packager.docker.DockerPlugin)))
[debug] Clause(Atom(com.typesafe.sbt.packager.graalvmnativeimage.GraalVMNativeImagePlugin),Set(Atom(com.typesafe.sbt.packager.archetypes.JavaAppPackaging)))
[debug] Clause(Atom(com.typesafe.sbt.packager.jdkpackager.JDKPackagerDeployPlugin),Set(Atom(com.typesafe.sbt.packager.jdkpackager.JDKPackagerPlugin)))
[debug] Clause(Atom(com.typesafe.sbt.packager.jdkpackager.JDKPackagerPlugin),Set(Atom(com.typesafe.sbt.packager.archetypes.JavaAppPackaging)))
[debug] Clause(Atom(com.typesafe.sbt.packager.jdkpackager.JDKPackagerPlugin),Set(Atom(com.typesafe.sbt.packager.archetypes.jar.LauncherJarPlugin)))
[debug] Clause(Atom(com.typesafe.sbt.packager.linux.LinuxPlugin),Set(Atom(com.typesafe.sbt.packager.universal.UniversalPlugin)))
[debug] Clause(Atom(com.typesafe.sbt.packager.rpm.RpmDeployPlugin),Set(Atom(com.typesafe.sbt.packager.rpm.RpmPlugin)))
[debug] Clause(Atom(com.typesafe.sbt.packager.rpm.RpmPlugin),Set(Atom(com.typesafe.sbt.packager.linux.LinuxPlugin)))
[debug] Clause(Atom(com.typesafe.sbt.packager.universal.UniversalDeployPlugin),Set(Atom(com.typesafe.sbt.packager.universal.UniversalPlugin)))
[debug] Clause(Atom(com.typesafe.sbt.packager.universal.UniversalPlugin),Set(Atom(com.typesafe.sbt.SbtNativePackager)))
[debug] Clause(Atom(com.typesafe.sbt.packager.windows.WindowsDeployPlugin),Set(Atom(com.typesafe.sbt.packager.windows.WindowsPlugin)))
[debug] Clause(Atom(com.typesafe.sbt.packager.windows.WindowsPlugin),Set(Atom(com.typesafe.sbt.packager.universal.UniversalPlugin)))
[debug] Clause(Atom(com.lightbend.sbt.javaagent.JavaAgent),Set(Atom(sbt.plugins.JvmPlugin)))
[debug] Clause(Atom(com.lightbend.sbt.javaagent.JavaAgentPackaging),Set(Atom(com.lightbend.sbt.javaagent.JavaAgent)))
[debug] Clause(Atom(com.lightbend.sbt.javaagent.JavaAgentPackaging),Set(Atom(com.typesafe.sbt.packager.archetypes.JavaAppPackaging)))
[debug] Clause(Atom(com.typesafe.sbt.web.SbtWeb),Set(Atom(sbt.plugins.JvmPlugin)))
[debug] Clause(Atom(com.typesafe.sbt.jse.SbtJsEngine),Set(Atom(com.typesafe.sbt.web.SbtWeb)))
[debug] Clause(Atom(com.typesafe.sbt.jse.SbtJsTask),Set(Atom(com.typesafe.sbt.jse.SbtJsEngine)))
[debug] Clause(Atom(sbt.plugins.CorePlugin),Set(Atom(sbt.plugins.IvyPlugin)))
[debug] Clause(Atom(sbt.plugins.IvyPlugin),Set(Atom(sbt.plugins.JvmPlugin)))
[debug] Clause(Atom(sbt.plugins.JvmPlugin),Set(Atom(sbt.plugins.SemanticdbPlugin)))
[debug] Clause(Atom(sbt.plugins.JvmPlugin),Set(Atom(sbt.plugins.JUnitXmlReportPlugin)))
[debug] Clause(Atom(sbt.plugins.CorePlugin),Set(Atom(sbt.plugins.Giter8TemplatePlugin)))
[debug] Clause(Atom(sbt.plugins.JvmPlugin),Set(Atom(sbt.plugins.MiniDependencyTreePlugin)))
[debug] Clause(Atom(play.sbt.PlayService),Set(Atom(play.sbt.PlayAkkaHttpServer)))
[debug] Clause(Atom(play.sbt.PlayWeb),Set(Atom(play.sbt.PlayFilters)))
[debug] Clause(Atom(play.sbt.PlayWeb),Set(Atom(play.sbt.PlayLayoutPlugin)))
[debug] Clause(Atom(play.sbt.PlayService),Set(Atom(play.sbt.PlayLogback)))
[debug] Clause(Atom(com.typesafe.sbt.packager.archetypes.JavaAppPackaging),Set(Atom(com.typesafe.sbt.packager.archetypes.scripts.BashStartScriptPlugin)))
[debug] Clause(Atom(com.typesafe.sbt.packager.archetypes.JavaAppPackaging),Set(Atom(com.typesafe.sbt.packager.archetypes.scripts.BatStartScriptPlugin)))
[debug] Clause(And(Set(Atom(com.lightbend.sbt.javaagent.JavaAgent), Atom(com.typesafe.sbt.packager.archetypes.JavaAppPackaging))),Set(Atom(com.lightbend.sbt.javaagent.JavaAgentPackaging)))
[debug] Clause(Atom(com.typesafe.sbt.web.SbtWeb),Set(Atom(com.typesafe.sbt.jse.SbtJsEngine)))
[debug] Clause(Atom(com.typesafe.sbt.jse.SbtJsEngine),Set(Atom(com.typesafe.sbt.jse.SbtJsTask))))
[debug]   :: deduced result: Matched(sbt.plugins.CorePlugin,play.ebean.sbt.PlayEbean,play.sbt.PlayJava,sbt.plugins.Giter8TemplatePlugin,sbt.plugins.IvyPlugin,sbt.plugins.JvmPlugin,play.sbt.PlayWeb,play.twirl.sbt.SbtTwirl,play.sbt.PlayService,sbt.plugins.SemanticdbPlugin,sbt.plugins.JUnitXmlReportPlugin,play.sbt.PlayFilters,play.sbt.PlayLayoutPlugin,play.sbt.routes.RoutesCompiler,com.typesafe.sbt.jse.SbtJsTask,sbt.plugins.MiniDependencyTreePlugin,play.sbt.PlayLogback,play.sbt.PlayAkkaHttpServer,com.typesafe.sbt.jse.SbtJsEngine,com.typesafe.sbt.packager.archetypes.JavaServerAppPackaging,com.typesafe.sbt.web.SbtWeb,com.typesafe.sbt.packager.archetypes.JavaAppPackaging,com.typesafe.sbt.packager.rpm.RpmPlugin,com.typesafe.sbt.packager.archetypes.scripts.BashStartScriptPlugin,com.typesafe.sbt.packager.windows.WindowsPlugin,com.typesafe.sbt.packager.archetypes.scripts.BatStartScriptPlugin,com.typesafe.sbt.packager.docker.DockerPlugin,com.typesafe.sbt.packager.debian.DebianPlugin,com.typesafe.sbt.packager.universal.UniversalPlugin,com.typesafe.sbt.packager.linux.LinuxPlugin,com.typesafe.sbt.SbtNativePackager)
[debug] Plugins.deducer#function took 19.272042 ms
[info] loading settings for project root from build.sbt ...
[debug]         Load.resolveProject(root) took 179.449708ms
[debug]       Load.loadTransitive: finalizeProject(Project(id root, base: /Users/apple/Brian/Final Term/software-products-java-api, plugins: List(play.sbt.PlayJava && play.ebean.sbt.PlayEbean))) took 202.40475ms
[debug] [Loading] Done in /Users/apple/Brian/Final Term/software-products-java-api, returning: (root)
[debug]     Load.loadUnit: loadedProjectsRaw took 5055.797125ms
[debug]     Load.loadUnit: cleanEvalClasses took 2.938333ms
[debug]   Load.loadUnit(file:/Users/apple/Brian/Final%20Term/software-products-java-api/, ...) took 14528.626958ms
[debug] Load.apply: load took 14558.084459ms
[debug] Load.apply: resolveProjects took 0.394709ms
[debug] Load.apply: finalTransforms took 16.919625ms
[debug] Load.apply: config.delegates took 1.095625ms
[debug] Load.apply: Def.make(settings)... took 147.056583ms
[debug] Load.apply: structureIndex took 51.878042ms
[debug] Load.apply: mkStreams took 0.009584ms
[info]   __              __
[info]   \ \     ____   / /____ _ __  __
[info]    \ \   / __ \ / // __ `// / / /
[info]    / /  / /_/ // // /_/ // /_/ /
[info]   /_/  / .___//_/ \__,_/ \__, /
[info]       /_/               /____/
[info] 
[info] Version 2.8.17 running Java 1.8.0_333
[info] 
[info] Play is run entirely by the community. Please consider contributing and/or donating:
[info] https://www.playframework.com/sponsors
[info] 
[debug] > Exec(sbtPopOnFailure, None, None)
[debug] > Exec(resumeFromFailure, None, None)
[debug] > Exec(notifyUsersAboutShell, None, None)
[debug] > Exec(iflast shell, None, None)
[debug] > Exec(project root, None, None)
[info]   __              __
[info]   \ \     ____   / /____ _ __  __
[info]    \ \   / __ \ / // __ `// / / /
[info]    / /  / /_/ // // /_/ // /_/ /
[info]   /_/  / .___//_/ \__,_/ \__, /
[info]       /_/               /____/
[info] 
[info] Version 2.8.17 running Java 1.8.0_333
[info] 
[info] Play is run entirely by the community. Please consider contributing and/or donating:
[info] https://www.playframework.com/sponsors
[info] 
[debug] > Exec(run, None, None)
[debug] Evaluating tasks: Compile / run
[debug] Running task... Cancel: Signal, check cycles: false, forcegc: true
[debug] Running task... Cancel: Signal, check cycles: false, forcegc: true
[debug] Running task... Cancel: Signal, check cycles: false, forcegc: true
[debug] Exporting web-assets:software-products-java-api
[debug] Running task... Cancel: Signal, check cycles: false, forcegc: true
[debug] Running task... Cancel: Signal, check cycles: false, forcegc: true
[info] compiling 3 Scala sources to /Users/apple/Brian/Final Term/software-products-java-api/target/scala-2.13/classes ...
[info] Non-compiled module 'compiler-bridge_2.13' for Scala 2.13.10. Compiling...
[info]   Compilation completed in 22.339s.
[info] done compiling
[info] compiling 1 Java source to /Users/apple/Brian/Final Term/software-products-java-api/target/scala-2.13/classes ...
[info] done compiling
[debug] Running task... Cancel: Signal, check cycles: false, forcegc: true
[debug] Exporting web-assets:software-products-java-api
[info] compiling 10 Scala sources and 23 Java sources to /Users/apple/Brian/Final Term/software-products-java-api/target/scala-2.13/classes ...
[info] done compiling
[debug] Running task... Cancel: Signal, check cycles: false, forcegc: true
[debug] Running task... Cancel: Signal, check cycles: false, forcegc: true
[info] compiling 1 Java source to /Users/apple/Brian/Final Term/software-products-java-api/target/scala-2.13/classes ...
[info] done compiling
[debug] Running task... Cancel: Signal, check cycles: false, forcegc: true
[debug] Exporting web-assets:software-products-java-api
[debug] Running task... Cancel: Signal, check cycles: false, forcegc: true
[debug] Running task... Cancel: Signal, check cycles: false, forcegc: true
[info] compiling 1 Java source to /Users/apple/Brian/Final Term/software-products-java-api/target/scala-2.13/classes ...
[info] done compiling
[debug] Running task... Cancel: Signal, check cycles: false, forcegc: true
[debug] Exporting web-assets:software-products-java-api
[debug] Running task... Cancel: Signal, check cycles: false, forcegc: true
[debug] Running task... Cancel: Signal, check cycles: false, forcegc: true
[info] compiling 1 Java source to /Users/apple/Brian/Final Term/software-products-java-api/target/scala-2.13/classes ...
[info] done compiling
[debug] Running task... Cancel: Signal, check cycles: false, forcegc: true
[debug] Exporting web-assets:software-products-java-api
[debug] Running task... Cancel: Signal, check cycles: false, forcegc: true
[debug] Running task... Cancel: Signal, check cycles: false, forcegc: true
[info] compiling 1 Java source to /Users/apple/Brian/Final Term/software-products-java-api/target/scala-2.13/classes ...
[info] done compiling
[debug] Forcing garbage collection...
[debug] Running task... Cancel: Signal, check cycles: false, forcegc: true
[debug] Exporting web-assets:software-products-java-api
[debug] Running task... Cancel: Signal, check cycles: false, forcegc: true
[debug] Running task... Cancel: Signal, check cycles: false, forcegc: true
[info] compiling 1 Java source to /Users/apple/Brian/Final Term/software-products-java-api/target/scala-2.13/classes ...
[info] done compiling
[debug] Running task... Cancel: Signal, check cycles: false, forcegc: true
[debug] Exporting web-assets:software-products-java-api
[debug] Running task... Cancel: Signal, check cycles: false, forcegc: true
[debug] Running task... Cancel: Signal, check cycles: false, forcegc: true
[info] compiling 1 Java source to /Users/apple/Brian/Final Term/software-products-java-api/target/scala-2.13/classes ...
[info] done compiling
[debug] Running task... Cancel: Signal, check cycles: false, forcegc: true
[debug] Exporting web-assets:software-products-java-api
[debug] Running task... Cancel: Signal, check cycles: false, forcegc: true
[debug] Running task... Cancel: Signal, check cycles: false, forcegc: true
[info] compiling 1 Java source to /Users/apple/Brian/Final Term/software-products-java-api/target/scala-2.13/classes ...
[info] done compiling
[debug] Running task... Cancel: Signal, check cycles: false, forcegc: true
[debug] Exporting web-assets:software-products-java-api
[debug] Running task... Cancel: Signal, check cycles: false, forcegc: true
[debug] Running task... Cancel: Signal, check cycles: false, forcegc: true
[info] compiling 1 Java source to /Users/apple/Brian/Final Term/software-products-java-api/target/scala-2.13/classes ...
[info] done compiling
[debug] Running task... Cancel: Signal, check cycles: false, forcegc: true
[debug] Exporting web-assets:software-products-java-api
[debug] Running task... Cancel: Signal, check cycles: false, forcegc: true
[debug] Running task... Cancel: Signal, check cycles: false, forcegc: true
[info] compiling 1 Java source to /Users/apple/Brian/Final Term/software-products-java-api/target/scala-2.13/classes ...
[info] done compiling
[debug] Running task... Cancel: Signal, check cycles: false, forcegc: true
[debug] Exporting web-assets:software-products-java-api
[debug] Running task... Cancel: Signal, check cycles: false, forcegc: true
[debug] Running task... Cancel: Signal, check cycles: false, forcegc: true
[info] compiling 1 Java source to /Users/apple/Brian/Final Term/software-products-java-api/target/scala-2.13/classes ...
[info] done compiling
[debug] Running task... Cancel: Signal, check cycles: false, forcegc: true
[debug] Exporting web-assets:software-products-java-api
[debug] Running task... Cancel: Signal, check cycles: false, forcegc: true
[debug] Running task... Cancel: Signal, check cycles: false, forcegc: true
[debug] Forcing garbage collection...
[error] java.lang.RuntimeException: play.api.Configuration$$anon$1: Configuration error[application.conf @ file:/Users/apple/Brian/Final%20Term/software-products-java-api/conf/application.conf: 50: Expecting end of input or a comma, got '=' (if you intended '=' to be part of a key or string value, try enclosing the key or value in double quotes, or you may be able to rename the file .properties rather than .conf)]
[error] 	at play.api.Configuration$.$anonfun$configError$1(Configuration.scala:157)
[error] 	at scala.Option.map(Option.scala:242)
[error] 	at play.api.Configuration$.configError(Configuration.scala:149)
[error] 	at play.api.Configuration$.load(Configuration.scala:98)
[error] 	at play.api.Configuration$.load(Configuration.scala:107)
[error] 	at play.api.Configuration$.load(Configuration.scala:113)
[error] 	at play.api.Configuration.load(Configuration.scala)
[error] 	at play.db.ebean.ModelsConfigLoader.apply(ModelsConfigLoader.java:27)
[error] 	at play.db.ebean.ModelsConfigLoader.apply(ModelsConfigLoader.java:21)
[error] 	at play.ebean.sbt.PlayEbean$.$anonfun$configuredEbeanModels$4(PlayEbean.scala:168)
[error] 	at play.ebean.sbt.PlayEbean$.withClassLoader$1(PlayEbean.scala:143)
[error] 	at play.ebean.sbt.PlayEbean$.$anonfun$configuredEbeanModels$1(PlayEbean.scala:164)
[error] 	at scala.Function1.$anonfun$compose$1(Function1.scala:49)
[error] 	at sbt.internal.util.$tilde$greater.$anonfun$$u2219$1(TypeFunctions.scala:62)
[error] 	at sbt.std.Transform$$anon$4.work(Transform.scala:68)
[error] 	at sbt.Execute.$anonfun$submit$2(Execute.scala:282)
[error] 	at sbt.internal.util.ErrorHandling$.wideConvert(ErrorHandling.scala:23)
[error] 	at sbt.Execute.work(Execute.scala:291)
[error] 	at sbt.Execute.$anonfun$submit$1(Execute.scala:282)
[error] 	at sbt.ConcurrentRestrictions$$anon$4.$anonfun$submitValid$1(ConcurrentRestrictions.scala:265)
[error] 	at sbt.CompletionService$$anon$2.call(CompletionService.scala:64)
[error] 	at java.util.concurrent.FutureTask.run(FutureTask.java:266)
[error] 	at java.util.concurrent.Executors$RunnableAdapter.call(Executors.java:511)
[error] 	at java.util.concurrent.FutureTask.run(FutureTask.java:266)
[error] 	at java.util.concurrent.ThreadPoolExecutor.runWorker(ThreadPoolExecutor.java:1149)
[error] 	at java.util.concurrent.ThreadPoolExecutor$Worker.run(ThreadPoolExecutor.java:624)
[error] 	at java.lang.Thread.run(Thread.java:750)
[error] Caused by: java.lang.RuntimeException: com.typesafe.config.ConfigException$Parse: application.conf @ file:/Users/apple/Brian/Final%20Term/software-products-java-api/conf/application.conf: 50: Expecting end of input or a comma, got '=' (if you intended '=' to be part of a key or string value, try enclosing the key or value in double quotes, or you may be able to rename the file .properties rather than .conf)
[error] 	at com.typesafe.config.impl.ConfigDocumentParser$ParseContext.parseError(ConfigDocumentParser.java:201)
[error] 	at com.typesafe.config.impl.ConfigDocumentParser$ParseContext.parseError(ConfigDocumentParser.java:197)
[error] 	at com.typesafe.config.impl.ConfigDocumentParser$ParseContext.parseObject(ConfigDocumentParser.java:535)
[error] 	at com.typesafe.config.impl.ConfigDocumentParser$ParseContext.parse(ConfigDocumentParser.java:648)
[error] 	at com.typesafe.config.impl.ConfigDocumentParser.parse(ConfigDocumentParser.java:14)
[error] 	at com.typesafe.config.impl.Parseable.rawParseValue(Parseable.java:262)
[error] 	at com.typesafe.config.impl.Parseable.rawParseValue(Parseable.java:250)
[error] 	at com.typesafe.config.impl.Parseable.parseValue(Parseable.java:180)
[error] 	at com.typesafe.config.impl.Parseable.parseValue(Parseable.java:174)
[error] 	at com.typesafe.config.impl.Parseable.parseValue(Parseable.java:309)
[error] 	at com.typesafe.config.impl.Parseable$ParseableResources.rawParseValue(Parseable.java:738)
[error] 	at com.typesafe.config.impl.Parseable$ParseableResources.rawParseValue(Parseable.java:701)
[error] 	at com.typesafe.config.impl.Parseable.parseValue(Parseable.java:180)
[error] 	at com.typesafe.config.impl.Parseable.parseValue(Parseable.java:174)
[error] 	at com.typesafe.config.impl.Parseable.parse(Parseable.java:152)
[error] 	at com.typesafe.config.impl.SimpleIncluder.fromBasename(SimpleIncluder.java:185)
[error] 	at com.typesafe.config.impl.ConfigImpl.parseResourcesAnySyntax(ConfigImpl.java:133)
[error] 	at com.typesafe.config.ConfigFactory.parseResourcesAnySyntax(ConfigFactory.java:1083)
[error] 	at com.typesafe.config.DefaultConfigLoadingStrategy.lambda$parseApplicationConfig$0(DefaultConfigLoadingStrategy.java:12)
[error] 	at java.util.Optional.orElseGet(Optional.java:267)
[error] 	at com.typesafe.config.DefaultConfigLoadingStrategy.parseApplicationConfig(DefaultConfigLoadingStrategy.java:12)
[error] 	at com.typesafe.config.ConfigFactory.defaultApplication(ConfigFactory.java:532)
[error] 	at play.api.Configuration$.$anonfun$load$6(Configuration.scala:74)
[error] 	at scala.Option.getOrElse(Option.scala:201)
[error] 	at play.api.Configuration$.load(Configuration.scala:70)
[error] 	at play.api.Configuration$.load(Configuration.scala:107)
[error] 	at play.api.Configuration$.load(Configuration.scala:113)
[error] 	at play.api.Configuration.load(Configuration.scala)
[error] 	at play.db.ebean.ModelsConfigLoader.apply(ModelsConfigLoader.java:27)
[error] 	at play.db.ebean.ModelsConfigLoader.apply(ModelsConfigLoader.java:21)
[error] 	at play.ebean.sbt.PlayEbean$.$anonfun$configuredEbeanModels$4(PlayEbean.scala:168)
[error] 	at play.ebean.sbt.PlayEbean$.withClassLoader$1(PlayEbean.scala:143)
[error] 	at play.ebean.sbt.PlayEbean$.$anonfun$configuredEbeanModels$1(PlayEbean.scala:164)
[error] 	at scala.Function1.$anonfun$compose$1(Function1.scala:49)
[error] 	at sbt.internal.util.$tilde$greater.$anonfun$$u2219$1(TypeFunctions.scala:62)
[error] 	at sbt.std.Transform$$anon$4.work(Transform.scala:68)
[error] 	at sbt.Execute.$anonfun$submit$2(Execute.scala:282)
[error] 	at sbt.internal.util.ErrorHandling$.wideConvert(ErrorHandling.scala:23)
[error] 	at sbt.Execute.work(Execute.scala:291)
[error] 	at sbt.Execute.$anonfun$submit$1(Execute.scala:282)
[error] 	at sbt.ConcurrentRestrictions$$anon$4.$anonfun$submitValid$1(ConcurrentRestrictions.scala:265)
[error] 	at sbt.CompletionService$$anon$2.call(CompletionService.scala:64)
[error] 	at java.util.concurrent.FutureTask.run(FutureTask.java:266)
[error] 	at java.util.concurrent.Executors$RunnableAdapter.call(Executors.java:511)
[error] 	at java.util.concurrent.FutureTask.run(FutureTask.java:266)
[error] 	at java.util.concurrent.ThreadPoolExecutor.runWorker(ThreadPoolExecutor.java:1149)
[error] 	at java.util.concurrent.ThreadPoolExecutor$Worker.run(ThreadPoolExecutor.java:624)
[error] 	at java.lang.Thread.run(Thread.java:750)
[error] (Compile / playEbeanModels) play.api.Configuration$$anon$1: Configuration error[application.conf @ file:/Users/apple/Brian/Final%20Term/software-products-java-api/conf/application.conf: 50: Expecting end of input or a comma, got '=' (if you intended '=' to be part of a key or string value, try enclosing the key or value in double quotes, or you may be able to rename the file .properties rather than .conf)]
[debug] Running task... Cancel: Signal, check cycles: false, forcegc: true
[debug] Running task... Cancel: Signal, check cycles: false, forcegc: true
[debug] Running task... Cancel: Signal, check cycles: false, forcegc: true
[debug] Exporting web-assets:software-products-java-api
[debug] Running task... Cancel: Signal, check cycles: false, forcegc: true
[debug] Running task... Cancel: Signal, check cycles: false, forcegc: true
[info] compiling 1 Java source to /Users/apple/Brian/Final Term/software-products-java-api/target/scala-2.13/classes ...
[info] done compiling
[debug] Running task... Cancel: Signal, check cycles: false, forcegc: true
[debug] Exporting web-assets:software-products-java-api
[debug] Running task... Cancel: Signal, check cycles: false, forcegc: true
[debug] Running task... Cancel: Signal, check cycles: false, forcegc: true
[info] compiling 1 Java source to /Users/apple/Brian/Final Term/software-products-java-api/target/scala-2.13/classes ...
[info] done compiling
[debug] Running task... Cancel: Signal, check cycles: false, forcegc: true
[debug] Exporting web-assets:software-products-java-api
[debug] Running task... Cancel: Signal, check cycles: false, forcegc: true
[debug] Running task... Cancel: Signal, check cycles: false, forcegc: true
[info] compiling 1 Java source to /Users/apple/Brian/Final Term/software-products-java-api/target/scala-2.13/classes ...
[info] done compiling
[debug] Running task... Cancel: Signal, check cycles: false, forcegc: true
[debug] Exporting web-assets:software-products-java-api
[debug] Running task... Cancel: Signal, check cycles: false, forcegc: true
[debug] Running task... Cancel: Signal, check cycles: false, forcegc: true
[info] compiling 1 Scala source and 1 Java source to /Users/apple/Brian/Final Term/software-products-java-api/target/scala-2.13/classes ...
[info] done compiling
[info] compiling 2 Java sources to /Users/apple/Brian/Final Term/software-products-java-api/target/scala-2.13/classes ...
[error] /Users/apple/Brian/Final Term/software-products-java-api/app/controllers/HomeController.java:70:1: incompatible types: io.ebean.PagedList<models.Computer> cannot be converted to io.ebean.PagedList<models.Software>
[error] list
[info] Some messages have been simplified; recompile with -Xdiags:verbose to get full output
[debug] Forcing garbage collection...
[error] (Compile / compileIncremental) javac returned non-zero exit code
[debug] Running task... Cancel: Signal, check cycles: false, forcegc: true
[debug] Running task... Cancel: Signal, check cycles: false, forcegc: true
[debug] Running task... Cancel: Signal, check cycles: false, forcegc: true
[info] compiling 1 Scala source and 1 Java source to /Users/apple/Brian/Final Term/software-products-java-api/target/scala-2.13/classes ...
[info] done compiling
[info] compiling 2 Java sources to /Users/apple/Brian/Final Term/software-products-java-api/target/scala-2.13/classes ...
[error] /Users/apple/Brian/Final Term/software-products-java-api/app/controllers/HomeController.java:70:1: incompatible types: io.ebean.PagedList<models.Computer> cannot be converted to io.ebean.PagedList<models.Software>
[error] list
[info] Some messages have been simplified; recompile with -Xdiags:verbose to get full output
[error] (Compile / compileIncremental) javac returned non-zero exit code
[debug] Running task... Cancel: Signal, check cycles: false, forcegc: true
[debug] Running task... Cancel: Signal, check cycles: false, forcegc: true
[debug] Running task... Cancel: Signal, check cycles: false, forcegc: true
[info] compiling 1 Scala source and 2 Java sources to /Users/apple/Brian/Final Term/software-products-java-api/target/scala-2.13/classes ...
[info] done compiling
[info] compiling 1 Scala source and 1 Java source to /Users/apple/Brian/Final Term/software-products-java-api/target/scala-2.13/classes ...
[info] done compiling
[info] compiling 1 Java source to /Users/apple/Brian/Final Term/software-products-java-api/target/scala-2.13/classes ...
[info] done compiling
[debug] Running task... Cancel: Signal, check cycles: false, forcegc: true
[debug] Exporting web-assets:software-products-java-api
[debug] Running task... Cancel: Signal, check cycles: false, forcegc: true
[debug] Running task... Cancel: Signal, check cycles: false, forcegc: true
[info] compiling 1 Scala source and 2 Java sources to /Users/apple/Brian/Final Term/software-products-java-api/target/scala-2.13/classes ...
[error] /Users/apple/Brian/Final Term/software-products-java-api/app/controllers/HomeController.java:95:1: incompatible types: play.mvc.Result cannot be converted to java.util.concurrent.CompletionStage<play.mvc.Result>
[error] ok(views.html.editForm.render(id, computerForm, companies, request, messagesApi.preferred(request)))
[error] /Users/apple/Brian/Final Term/software-products-java-api/app/controllers/HomeController.java:107:1: incompatible types: play.data.Form<models.Computer> cannot be converted to play.data.Form<models.Software>
[error] computerForm
[info] Some messages have been simplified; recompile with -Xdiags:verbose to get full output
[debug] Forcing garbage collection...
[error] (Compile / compileIncremental) javac returned non-zero exit code
[debug] Running task... Cancel: Signal, check cycles: false, forcegc: true
[debug] Running task... Cancel: Signal, check cycles: false, forcegc: true
[warn] In the last 9 seconds, 8.048 (90.1%) were spent in GC. [Heap: 0.77GB free of 0.94GB, max 0.94GB] Consider increasing the JVM heap using `-Xmx` or try a different collector, e.g. `-XX:+UseG1GC`, for better performance.
[debug] Running task... Cancel: Signal, check cycles: false, forcegc: true
[info] compiling 1 Scala source and 2 Java sources to /Users/apple/Brian/Final Term/software-products-java-api/target/scala-2.13/classes ...
[error] /Users/apple/Brian/Final Term/software-products-java-api/app/controllers/HomeController.java:107:1: incompatible types: play.data.Form<models.Computer> cannot be converted to play.data.Form<models.Software>
[error] computerForm
[info] Some messages have been simplified; recompile with -Xdiags:verbose to get full output
[error] (Compile / compileIncremental) javac returned non-zero exit code
[debug] Running task... Cancel: Signal, check cycles: false, forcegc: true
[debug] Running task... Cancel: Signal, check cycles: false, forcegc: true
[debug] Running task... Cancel: Signal, check cycles: false, forcegc: true
[info] compiling 1 Scala source and 2 Java sources to /Users/apple/Brian/Final Term/software-products-java-api/target/scala-2.13/classes ...
[info] done compiling
[info] compiling 1 Scala source to /Users/apple/Brian/Final Term/software-products-java-api/target/scala-2.13/classes ...
[info] done compiling
[debug] Running task... Cancel: Signal, check cycles: false, forcegc: true
[debug] Exporting web-assets:software-products-java-api
[info] compiling 10 Scala sources and 23 Java sources to /Users/apple/Brian/Final Term/software-products-java-api/target/scala-2.13/classes ...
[info] done compiling
[debug] Running task... Cancel: Signal, check cycles: false, forcegc: true
[debug] Running task... Cancel: Signal, check cycles: false, forcegc: true
[info] compiling 1 Java source to /Users/apple/Brian/Final Term/software-products-java-api/target/scala-2.13/classes ...
[info] done compiling
[debug] Forcing garbage collection...
[debug] Running task... Cancel: Signal, check cycles: false, forcegc: true
[warn] In the last 7 seconds, 8.303 (132.6%) were spent in GC. [Heap: 0.75GB free of 0.94GB, max 0.94GB] Consider increasing the JVM heap using `-Xmx` or try a different collector, e.g. `-XX:+UseG1GC`, for better performance.
[debug] Exporting web-assets:software-products-java-api
[debug] Running task... Cancel: Signal, check cycles: false, forcegc: true
[warn] Canceling execution...
[debug] Forcing garbage collection...
